<?xml version="1.0" encoding="UTF-8" ?>
<testsuite errors="0" failures="0" hostname="mm007559twang" name="memcachedserver.handler.ClientHandlerTest" skipped="0" tests="7" time="0.85" timestamp="2018-06-19T20:48:11">
  <properties>
    <property name="java.vendor" value="Oracle Corporation" />
    <property name="env.NVM_BIN" value="/Users/tianyi_wang/.nvm/versions/node/v8.9.1/bin" />
    <property name="sun.java.launcher" value="SUN_STANDARD" />
    <property name="env.XPC_SERVICE_NAME" value="0" />
    <property name="ant.file.MemcachedServer" value="/Users/tianyi_wang/Documents/Personal/MemcachedServer/build.xml" />
    <property name="sun.management.compiler" value="HotSpot 64-Bit Tiered Compilers" />
    <property name="env.SECURITYSESSIONID" value="19902" />
    <property name="os.name" value="Mac OS X" />
    <property name="sun.boot.class.path" value="/Library/Java/JavaVirtualMachines/jdk1.8.0_131.jdk/Contents/Home/jre/lib/resources.jar:/Library/Java/JavaVirtualMachines/jdk1.8.0_131.jdk/Contents/Home/jre/lib/rt.jar:/Library/Java/JavaVirtualMachines/jdk1.8.0_131.jdk/Contents/Home/jre/lib/sunrsasign.jar:/Library/Java/JavaVirtualMachines/jdk1.8.0_131.jdk/Contents/Home/jre/lib/jsse.jar:/Library/Java/JavaVirtualMachines/jdk1.8.0_131.jdk/Contents/Home/jre/lib/jce.jar:/Library/Java/JavaVirtualMachines/jdk1.8.0_131.jdk/Contents/Home/jre/lib/charsets.jar:/Library/Java/JavaVirtualMachines/jdk1.8.0_131.jdk/Contents/Home/jre/lib/jfr.jar:/Library/Java/JavaVirtualMachines/jdk1.8.0_131.jdk/Contents/Home/jre/classes" />
    <property name="env.TMPDIR" value="/var/folders/7q/ykm05bmj667gpd7pkh224kmm0000gn/T/" />
    <property name="env.PWD" value="/Users/tianyi_wang/Documents/Personal/MemcachedServer" />
    <property name="env.LANG" value="en_US.UTF-8" />
    <property name="java.vm.specification.vendor" value="Oracle Corporation" />
    <property name="ant.home" value="/usr/local/Cellar/ant/1.10.3/libexec" />
    <property name="java.runtime.version" value="1.8.0_131-b11" />
    <property name="env.Apple_PubSub_Socket_Render" value="/private/tmp/com.apple.launchd.jltqXLUBiS/Render" />
    <property name="env.NVM_CD_FLAGS" value="" />
    <property name="user.name" value="tianyi_wang" />
    <property name="env.USER" value="tianyi_wang" />
    <property name="env.SHELL" value="/bin/bash" />
    <property name="env.__CF_USER_TEXT_ENCODING" value="0x1F5:0x0:0x0" />
    <property name="env.NODE_PATH" value="/usr/local/lib/node_modules" />
    <property name="env.PATH" value="/Users/tianyi_wang/Library/Python/3.6/bin:/Library/Frameworks/Python.framework/Versions/3.6/bin:/Users/tianyi_wang/airlab/runtime_gems/tools/bin:/Users/tianyi_wang/.nvm/versions/node/v8.9.1/bin:/Users/tianyi_wang/.rbenv/shims:/Library/Java/JavaVirtualMachines/jdk1.8.0_131.jdk/Contents/Home/bin:/usr/local/bin:/usr/bin:/bin:/usr/sbin:/sbin:/usr/local/osquery/bin:/opt/airbnb/bin:/opt/puppetlabs/bin:/usr/local/munki:/Applications/Wireshark.app/Contents/MacOS:/Users/tianyi_wang/airlab/repos/sysops/optica_tools:/usr/local/nodejs/bin:/Users/tianyi_wang/airlab/repos/sysops/k8s_tools" />
    <property name="user.language" value="en" />
    <property name="sun.boot.library.path" value="/Library/Java/JavaVirtualMachines/jdk1.8.0_131.jdk/Contents/Home/jre/lib" />
    <property name="ant.project.default-target" value="build" />
    <property name="env.XPC_FLAGS" value="0x0" />
    <property name="ant.project.name" value="MemcachedServer" />
    <property name="java.version" value="1.8.0_131" />
    <property name="user.timezone" value="" />
    <property name="sun.arch.data.model" value="64" />
    <property name="env.JAVA_MAIN_CLASS_57351" value="org.apache.tools.ant.launch.Launcher" />
    <property name="java.endorsed.dirs" value="/Library/Java/JavaVirtualMachines/jdk1.8.0_131.jdk/Contents/Home/jre/lib/endorsed" />
    <property name="sun.cpu.isalist" value="" />
    <property name="sun.jnu.encoding" value="UTF-8" />
    <property name="file.encoding.pkg" value="sun.io" />
    <property name="env.SHLVL" value="2" />
    <property name="file.separator" value="/" />
    <property name="java.specification.name" value="Java Platform API Specification" />
    <property name="ant.file.type.MemcachedServer" value="file" />
    <property name="java.class.version" value="52.0" />
    <property name="user.country" value="US" />
    <property name="java.home" value="/Library/Java/JavaVirtualMachines/jdk1.8.0_131.jdk/Contents/Home/jre" />
    <property name="java.vm.info" value="mixed mode" />
    <property name="env.LOGNAME" value="tianyi_wang" />
    <property name="ant.file" value="/Users/tianyi_wang/Documents/Personal/MemcachedServer/build.xml" />
    <property name="os.version" value="10.13.5" />
    <property name="env.TERM_PROGRAM_VERSION" value="404" />
    <property name="env.CLICOLOR" value="1" />
    <property name="path.separator" value=":" />
    <property name="java.vm.version" value="25.131-b11" />
    <property name="ant.library.dir" value="/usr/local/Cellar/ant/1.10.3/libexec/lib" />
    <property name="junit.output.dir" value="junit" />
    <property name="env.GRADLEW" value="/Users/tianyi_wang/airlab/repos/treehouse/gradlew" />
    <property name="env.JAVA_HOME" value="/Library/Java/JavaVirtualMachines/jdk1.8.0_131.jdk/Contents/Home" />
    <property name="java.awt.printerjob" value="sun.lwawt.macosx.CPrinterJob" />
    <property name="env.TERM" value="xterm-256color" />
    <property name="sun.io.unicode.encoding" value="UnicodeBig" />
    <property name="env.AIRLAB_SHELL_CONFIGURED" value="true" />
    <property name="awt.toolkit" value="sun.lwawt.macosx.LWCToolkit" />
    <property name="env.LSCOLORS" value="gxBxhxDxfxhxhxhxhxcxcx" />
    <property name="user.home" value="/Users/tianyi_wang" />
    <property name="target" value="1.8" />
    <property name="java.specification.vendor" value="Oracle Corporation" />
    <property name="env.TERM_PROGRAM" value="Apple_Terminal" />
    <property name="env.HISTTIMEFORMAT" value="%s " />
    <property name="java.library.path" value="/Users/tianyi_wang/Library/Java/Extensions:/Library/Java/Extensions:/Network/Library/Java/Extensions:/System/Library/Java/Extensions:/usr/lib/java:." />
    <property name="java.vendor.url" value="http://java.oracle.com/" />
    <property name="java.vm.vendor" value="Oracle Corporation" />
    <property name="gopherProxySet" value="false" />
    <property name="java.runtime.name" value="Java(TM) SE Runtime Environment" />
    <property name="ant.version" value="Apache Ant(TM) version 1.10.3 compiled on March 24 2018" />
    <property name="java.class.path" value="/Users/tianyi_wang/Documents/Personal/MemcachedServer/bin:/Users/tianyi_wang/Documents/Personal/MemcachedServer/lib/lombok.jar:/Users/tianyi_wang/Documents/Personal/MemcachedServer/lib/guava-23.0.jar:/Users/tianyi_wang/Documents/Personal/MemcachedServer/lib/junit-4.12.jar:/Users/tianyi_wang/Documents/Personal/MemcachedServer/lib/hamcrest-core-1.3.jar:/Users/tianyi_wang/Documents/Personal/MemcachedServer/lib/commons-cli-1.4.jar:/Users/tianyi_wang/Documents/Personal/MemcachedServer/lib/commons-lang3-3.7.jar:/Users/tianyi_wang/Documents/Personal/MemcachedServer/lib/mockito-core-2.18.9.jar:/Users/tianyi_wang/Documents/Personal/MemcachedServer/lib/byte-buddy-1.8.12.jar:/Users/tianyi_wang/Documents/Personal/MemcachedServer/lib/objenesis-2.6.jar:/usr/local/Cellar/ant/1.10.3/libexec/lib/ant-launcher.jar:/usr/local/Cellar/ant/1.10.3/libexec/lib/ant.jar:/usr/local/Cellar/ant/1.10.3/libexec/lib/ant-junit.jar:/usr/local/Cellar/ant/1.10.3/libexec/lib/ant-junit4.jar" />
    <property name="sun.java.command" value="org.apache.tools.ant.taskdefs.optional.junit.JUnitTestRunner memcachedserver.handler.ClientHandlerTest skipNonTests=false filtertrace=true haltOnError=false haltOnFailure=false formatter=org.apache.tools.ant.taskdefs.optional.junit.OutErrSummaryJUnitResultFormatter showoutput=false outputtoformatters=true logfailedtests=true threadid=0 logtestlistenerevents=false formatter=org.apache.tools.ant.taskdefs.optional.junit.XMLJUnitResultFormatter,/Users/tianyi_wang/Documents/Personal/MemcachedServer/junit/TEST-memcachedserver.handler.ClientHandlerTest.xml crashfile=/Users/tianyi_wang/Documents/Personal/MemcachedServer/junitvmwatcher2536218246879357410.properties propsfile=/Users/tianyi_wang/Documents/Personal/MemcachedServer/junit8917650822124401508.properties" />
    <property name="env.TERM_SESSION_ID" value="B05254C9-88B4-4AD0-8911-4084749D9B0C" />
    <property name="java.vm.specification.name" value="Java Virtual Machine Specification" />
    <property name="ant.file.type" value="file" />
    <property name="env.RBENV_SHELL" value="bash" />
    <property name="java.vm.specification.version" value="1.8" />
    <property name="sun.os.patch.level" value="unknown" />
    <property name="sun.cpu.endian" value="little" />
    <property name="env.HOME" value="/Users/tianyi_wang" />
    <property name="debuglevel" value="source,lines,vars" />
    <property name="java.io.tmpdir" value="/var/folders/7q/ykm05bmj667gpd7pkh224kmm0000gn/T/" />
    <property name="java.vendor.url.bug" value="http://bugreport.sun.com/bugreport/" />
    <property name="env.SSH_AUTH_SOCK" value="/private/tmp/com.apple.launchd.BKVeg214UO/Listeners" />
    <property name="java.awt.graphicsenv" value="sun.awt.CGraphicsEnvironment" />
    <property name="os.arch" value="x86_64" />
    <property name="java.ext.dirs" value="/Users/tianyi_wang/Library/Java/Extensions:/Library/Java/JavaVirtualMachines/jdk1.8.0_131.jdk/Contents/Home/jre/lib/ext:/Library/Java/Extensions:/Network/Library/Java/Extensions:/System/Library/Java/Extensions:/usr/lib/java" />
    <property name="user.dir" value="/Users/tianyi_wang/Documents/Personal/MemcachedServer" />
    <property name="line.separator" value="&#xa;" />
    <property name="java.vm.name" value="Java HotSpot(TM) 64-Bit Server VM" />
    <property name="basedir" value="/Users/tianyi_wang/Documents/Personal/MemcachedServer" />
    <property name="ant.java.version" value="1.8" />
    <property name="ant.core.lib" value="/usr/local/Cellar/ant/1.10.3/libexec/lib/ant.jar" />
    <property name="source" value="1.8" />
    <property name="file.encoding" value="UTF-8" />
    <property name="env.NVM_DIR" value="/Users/tianyi_wang/.nvm" />
    <property name="java.specification.version" value="1.8" />
    <property name="ant.project.invoked-targets" value="test" />
  </properties>
  <testcase classname="memcachedserver.handler.ClientHandlerTest" name="testHandleStorageCommandBadData" time="0.046" />
  <testcase classname="memcachedserver.handler.ClientHandlerTest" name="testHandleDeleteCommand" time="0.001" />
  <testcase classname="memcachedserver.handler.ClientHandlerTest" name="testHandleStorageCommandKeyHasControlChars" time="0.0" />
  <testcase classname="memcachedserver.handler.ClientHandlerTest" name="testHandleStorageCommand" time="0.0" />
  <testcase classname="memcachedserver.handler.ClientHandlerTest" name="testHandleStorageCommandNotStored" time="0.0" />
  <testcase classname="memcachedserver.handler.ClientHandlerTest" name="testHandleRetrievalCommand" time="0.011" />
  <testcase classname="memcachedserver.handler.ClientHandlerTest" name="testHandleStorageCommandKeyTooLong" time="0.005" />
  <system-out><![CDATA[]]></system-out>
  <system-err><![CDATA[]]></system-err>
</testsuite>
